[0/1] Re-running CMake...
-- Using CATKIN_DEVEL_PREFIX: /home/andreslopez/Andres/humanoid_computer_vision/catkin_ws/src/matlab_msg_gen_ros1/glnxa64/devel
-- Using CMAKE_PREFIX_PATH: /usr/local/MATLAB/R2023a/sys/ros1/glnxa64/ros1;/usr/local/MATLAB/R2023a/toolbox/ros/mlroscpp/custom_messages;/home/andreslopez/Andres/humanoid_computer_vision/catkin_ws/src/matlab_msg_gen_ros1/glnxa64/install
-- This workspace overlays: /usr/local/MATLAB/R2023a/sys/ros1/glnxa64/ros1;/usr/local/MATLAB/R2023a/toolbox/ros/mlroscpp/custom_messages;/home/andreslopez/Andres/humanoid_computer_vision/catkin_ws/src/matlab_msg_gen_ros1/glnxa64/install
-- Using PYTHON_EXECUTABLE: /home/andreslopez/.matlab/R2023a/ros1/glnxa64/venv/bin/python3
-- Using Debian Python package layout
-- Using empy: /home/andreslopez/.matlab/R2023a/ros1/glnxa64/venv/lib/python3.8/site-packages/em.py
-- Using CATKIN_ENABLE_TESTING: off
-- catkin 0.8.10
-- BUILD_SHARED_LIBS is on
-- BUILD_SHARED_LIBS is on
-- ~~~~~~~~~~~~~~~~~~~~~~~~~~~~~~~~~~~~~~~~~~~~~~~~~
-- ~~  traversing 1 packages in topological order:
-- ~~  - experiments
-- ~~~~~~~~~~~~~~~~~~~~~~~~~~~~~~~~~~~~~~~~~~~~~~~~~
-- +++ processing catkin package: 'experiments'
-- ==> add_subdirectory(experiments)
CMake Warning at /usr/local/MATLAB/R2023a/sys/ros1/glnxa64/ros1/share/genmsg/cmake/genmsg-extras.cmake:49 (message):
  Unknown message generator specified in ROS_LANG_DISABLE: geneus
Call Stack (most recent call first):
  /usr/local/MATLAB/R2023a/sys/ros1/glnxa64/ros1/share/genmsg/cmake/genmsgConfig.cmake:222 (include)
  /usr/local/MATLAB/R2023a/sys/ros1/glnxa64/ros1/share/gencpp/cmake/gencppConfig.cmake:197 (find_package)
  /usr/local/MATLAB/R2023a/sys/ros1/glnxa64/ros1/share/message_generation/cmake/message_generationConfig.cmake:197 (find_package)
  /usr/local/MATLAB/R2023a/sys/ros1/glnxa64/ros1/share/catkin/cmake/catkinConfig.cmake:76 (find_package)
  experiments/CMakeLists.txt:20 (find_package)


CMake Warning at /usr/local/MATLAB/R2023a/sys/ros1/glnxa64/ros1/share/genmsg/cmake/genmsg-extras.cmake:49 (message):
  Unknown message generator specified in ROS_LANG_DISABLE: genlisp
Call Stack (most recent call first):
  /usr/local/MATLAB/R2023a/sys/ros1/glnxa64/ros1/share/genmsg/cmake/genmsgConfig.cmake:222 (include)
  /usr/local/MATLAB/R2023a/sys/ros1/glnxa64/ros1/share/gencpp/cmake/gencppConfig.cmake:197 (find_package)
  /usr/local/MATLAB/R2023a/sys/ros1/glnxa64/ros1/share/message_generation/cmake/message_generationConfig.cmake:197 (find_package)
  /usr/local/MATLAB/R2023a/sys/ros1/glnxa64/ros1/share/catkin/cmake/catkinConfig.cmake:76 (find_package)
  experiments/CMakeLists.txt:20 (find_package)


CMake Warning at /usr/local/MATLAB/R2023a/sys/ros1/glnxa64/ros1/share/genmsg/cmake/genmsg-extras.cmake:49 (message):
  Unknown message generator specified in ROS_LANG_DISABLE: gennodejs
Call Stack (most recent call first):
  /usr/local/MATLAB/R2023a/sys/ros1/glnxa64/ros1/share/genmsg/cmake/genmsgConfig.cmake:222 (include)
  /usr/local/MATLAB/R2023a/sys/ros1/glnxa64/ros1/share/gencpp/cmake/gencppConfig.cmake:197 (find_package)
  /usr/local/MATLAB/R2023a/sys/ros1/glnxa64/ros1/share/message_generation/cmake/message_generationConfig.cmake:197 (find_package)
  /usr/local/MATLAB/R2023a/sys/ros1/glnxa64/ros1/share/catkin/cmake/catkinConfig.cmake:76 (find_package)
  experiments/CMakeLists.txt:20 (find_package)


-- Using these message generators: gencpp;genpy
-- experiments: 0 messages, 1 services
-- Configuring done
-- Generating done
-- Build files have been written to: /home/andreslopez/Andres/humanoid_computer_vision/catkin_ws/src/matlab_msg_gen_ros1/glnxa64/build
ninja: no work to do.
[1/2] cd /home/andreslopez/Andres/humanoid_computer_vision/catkin_ws/src/matlab_msg_gen_ros1/glnxa64/build/experiments && /home/andreslopez/Andres/humanoid_computer_vision/catkin_ws/src/matlab_msg_gen_ros1/glnxa64/build/catkin_generated/env_cached.sh /home/andreslopez/.matlab/R2023a/ros1/glnxa64/venv/bin/python3 /usr/local/MATLAB/R2023a/sys/ros1/glnxa64/ros1/share/genmsg/cmake/../../../lib/genmsg/genmsg_check_deps.py experiments /home/andreslopez/Andres/humanoid_computer_vision/catkin_ws/src/matlab_msg_gen_ros1/glnxa64/src/experiments/srv/example.srv
[1/2] Install the project...
-- Install configuration: "Release"
-- Installing: /home/andreslopez/Andres/humanoid_computer_vision/catkin_ws/src/matlab_msg_gen_ros1/glnxa64/install/_setup_util.py
-- Up-to-date: /home/andreslopez/Andres/humanoid_computer_vision/catkin_ws/src/matlab_msg_gen_ros1/glnxa64/install/env.sh
-- Up-to-date: /home/andreslopez/Andres/humanoid_computer_vision/catkin_ws/src/matlab_msg_gen_ros1/glnxa64/install/setup.bash
-- Up-to-date: /home/andreslopez/Andres/humanoid_computer_vision/catkin_ws/src/matlab_msg_gen_ros1/glnxa64/install/local_setup.bash
-- Up-to-date: /home/andreslopez/Andres/humanoid_computer_vision/catkin_ws/src/matlab_msg_gen_ros1/glnxa64/install/setup.sh
-- Up-to-date: /home/andreslopez/Andres/humanoid_computer_vision/catkin_ws/src/matlab_msg_gen_ros1/glnxa64/install/local_setup.sh
-- Up-to-date: /home/andreslopez/Andres/humanoid_computer_vision/catkin_ws/src/matlab_msg_gen_ros1/glnxa64/install/setup.zsh
-- Up-to-date: /home/andreslopez/Andres/humanoid_computer_vision/catkin_ws/src/matlab_msg_gen_ros1/glnxa64/install/local_setup.zsh
-- Up-to-date: /home/andreslopez/Andres/humanoid_computer_vision/catkin_ws/src/matlab_msg_gen_ros1/glnxa64/install/.rosinstall
-- Up-to-date: /home/andreslopez/Andres/humanoid_computer_vision/catkin_ws/src/matlab_msg_gen_ros1/glnxa64/install/share/experiments/srv/example.srv
-- Up-to-date: /home/andreslopez/Andres/humanoid_computer_vision/catkin_ws/src/matlab_msg_gen_ros1/glnxa64/install/share/experiments/cmake/experiments-msg-paths.cmake
-- Up-to-date: /home/andreslopez/Andres/humanoid_computer_vision/catkin_ws/src/matlab_msg_gen_ros1/glnxa64/install/include/experiments
-- Up-to-date: /home/andreslopez/Andres/humanoid_computer_vision/catkin_ws/src/matlab_msg_gen_ros1/glnxa64/install/include/experiments/example.h
-- Up-to-date: /home/andreslopez/Andres/humanoid_computer_vision/catkin_ws/src/matlab_msg_gen_ros1/glnxa64/install/include/experiments/exampleResponse.h
-- Up-to-date: /home/andreslopez/Andres/humanoid_computer_vision/catkin_ws/src/matlab_msg_gen_ros1/glnxa64/install/include/experiments/exampleRequest.h
Listing '/home/andreslopez/Andres/humanoid_computer_vision/catkin_ws/src/matlab_msg_gen_ros1/glnxa64/devel/lib/python3/dist-packages/experiments'...
Listing '/home/andreslopez/Andres/humanoid_computer_vision/catkin_ws/src/matlab_msg_gen_ros1/glnxa64/devel/lib/python3/dist-packages/experiments/srv'...
-- Up-to-date: /home/andreslopez/Andres/humanoid_computer_vision/catkin_ws/src/matlab_msg_gen_ros1/glnxa64/install/lib/python3/dist-packages/experiments
-- Up-to-date: /home/andreslopez/Andres/humanoid_computer_vision/catkin_ws/src/matlab_msg_gen_ros1/glnxa64/install/lib/python3/dist-packages/experiments/srv
-- Up-to-date: /home/andreslopez/Andres/humanoid_computer_vision/catkin_ws/src/matlab_msg_gen_ros1/glnxa64/install/lib/python3/dist-packages/experiments/srv/__pycache__
-- Up-to-date: /home/andreslopez/Andres/humanoid_computer_vision/catkin_ws/src/matlab_msg_gen_ros1/glnxa64/install/lib/python3/dist-packages/experiments/srv/__pycache__/_example.cpython-38.pyc
-- Up-to-date: /home/andreslopez/Andres/humanoid_computer_vision/catkin_ws/src/matlab_msg_gen_ros1/glnxa64/install/lib/python3/dist-packages/experiments/srv/__pycache__/__init__.cpython-38.pyc
-- Up-to-date: /home/andreslopez/Andres/humanoid_computer_vision/catkin_ws/src/matlab_msg_gen_ros1/glnxa64/install/lib/python3/dist-packages/experiments/srv/__init__.py
-- Up-to-date: /home/andreslopez/Andres/humanoid_computer_vision/catkin_ws/src/matlab_msg_gen_ros1/glnxa64/install/lib/python3/dist-packages/experiments/srv/_example.py
-- Up-to-date: /home/andreslopez/Andres/humanoid_computer_vision/catkin_ws/src/matlab_msg_gen_ros1/glnxa64/install/lib/python3/dist-packages/experiments/__pycache__
-- Up-to-date: /home/andreslopez/Andres/humanoid_computer_vision/catkin_ws/src/matlab_msg_gen_ros1/glnxa64/install/lib/python3/dist-packages/experiments/__pycache__/__init__.cpython-38.pyc
-- Up-to-date: /home/andreslopez/Andres/humanoid_computer_vision/catkin_ws/src/matlab_msg_gen_ros1/glnxa64/install/lib/python3/dist-packages/experiments/__init__.py
-- Installing: /home/andreslopez/Andres/humanoid_computer_vision/catkin_ws/src/matlab_msg_gen_ros1/glnxa64/install/lib/pkgconfig/experiments.pc
-- Up-to-date: /home/andreslopez/Andres/humanoid_computer_vision/catkin_ws/src/matlab_msg_gen_ros1/glnxa64/install/share/experiments/cmake/experiments-msg-extras.cmake
-- Up-to-date: /home/andreslopez/Andres/humanoid_computer_vision/catkin_ws/src/matlab_msg_gen_ros1/glnxa64/install/share/experiments/cmake/experimentsConfig.cmake
-- Up-to-date: /home/andreslopez/Andres/humanoid_computer_vision/catkin_ws/src/matlab_msg_gen_ros1/glnxa64/install/share/experiments/cmake/experimentsConfig-version.cmake
-- Installing: /home/andreslopez/Andres/humanoid_computer_vision/catkin_ws/src/matlab_msg_gen_ros1/glnxa64/install/share/experiments/package.xml
-- Up-to-date: /home/andreslopez/Andres/humanoid_computer_vision/catkin_ws/src/matlab_msg_gen_ros1/glnxa64/install/include
-- Up-to-date: /home/andreslopez/Andres/humanoid_computer_vision/catkin_ws/src/matlab_msg_gen_ros1/glnxa64/install/include/experiments
-- Up-to-date: /home/andreslopez/Andres/humanoid_computer_vision/catkin_ws/src/matlab_msg_gen_ros1/glnxa64/install/include/experiments/visibility_control.h
-- Up-to-date: /home/andreslopez/Andres/humanoid_computer_vision/catkin_ws/src/matlab_msg_gen_ros1/glnxa64/install/lib/libexperiments_matlab.so
-- Up-to-date: /home/andreslopez/Andres/humanoid_computer_vision/catkin_ws/src/matlab_msg_gen_ros1/glnxa64/install/m/
-- Up-to-date: /home/andreslopez/Andres/humanoid_computer_vision/catkin_ws/src/matlab_msg_gen_ros1/glnxa64/install/m//+ros
-- Up-to-date: /home/andreslopez/Andres/humanoid_computer_vision/catkin_ws/src/matlab_msg_gen_ros1/glnxa64/install/m//+ros/+msggen
-- Up-to-date: /home/andreslopez/Andres/humanoid_computer_vision/catkin_ws/src/matlab_msg_gen_ros1/glnxa64/install/m//+ros/+msggen/+experiments
-- Up-to-date: /home/andreslopez/Andres/humanoid_computer_vision/catkin_ws/src/matlab_msg_gen_ros1/glnxa64/install/m//+ros/+msggen/+experiments/exampleResponse.m
-- Up-to-date: /home/andreslopez/Andres/humanoid_computer_vision/catkin_ws/src/matlab_msg_gen_ros1/glnxa64/install/m//+ros/+msggen/+experiments/exampleRequest.m
-- Up-to-date: /home/andreslopez/Andres/humanoid_computer_vision/catkin_ws/src/matlab_msg_gen_ros1/glnxa64/install/m//+ros/+internal
-- Up-to-date: /home/andreslopez/Andres/humanoid_computer_vision/catkin_ws/src/matlab_msg_gen_ros1/glnxa64/install/m//+ros/+internal/+ros
-- Up-to-date: /home/andreslopez/Andres/humanoid_computer_vision/catkin_ws/src/matlab_msg_gen_ros1/glnxa64/install/m//+ros/+internal/+ros/+custommessages
-- Up-to-date: /home/andreslopez/Andres/humanoid_computer_vision/catkin_ws/src/matlab_msg_gen_ros1/glnxa64/install/m//+ros/+internal/+ros/+custommessages/+experiments
-- Up-to-date: /home/andreslopez/Andres/humanoid_computer_vision/catkin_ws/src/matlab_msg_gen_ros1/glnxa64/install/m//+ros/+internal/+ros/+custommessages/+experiments/exampleResponse.m
-- Up-to-date: /home/andreslopez/Andres/humanoid_computer_vision/catkin_ws/src/matlab_msg_gen_ros1/glnxa64/install/m//+ros/+internal/+ros/+custommessages/+experiments/exampleRequest.m
Base path: /home/andreslopez/Andres/humanoid_computer_vision/catkin_ws/src/matlab_msg_gen_ros1/glnxa64
Source space: /home/andreslopez/Andres/humanoid_computer_vision/catkin_ws/src/matlab_msg_gen_ros1/glnxa64/src
Build space: /home/andreslopez/Andres/humanoid_computer_vision/catkin_ws/src/matlab_msg_gen_ros1/glnxa64/build
Devel space: /home/andreslopez/Andres/humanoid_computer_vision/catkin_ws/src/matlab_msg_gen_ros1/glnxa64/devel
Install space: /home/andreslopez/Andres/humanoid_computer_vision/catkin_ws/src/matlab_msg_gen_ros1/glnxa64/install
####
#### Running command: "ninja build.ninja" in "/home/andreslopez/Andres/humanoid_computer_vision/catkin_ws/src/matlab_msg_gen_ros1/glnxa64/build"
####
####
#### Running command: "ninja install install -j24 -l24" in "/home/andreslopez/Andres/humanoid_computer_vision/catkin_ws/src/matlab_msg_gen_ros1/glnxa64/build"
####
